  dllmain.cpp
C:\Users\John\Desktop\Fortnite Internal - Public\Fortnite Internal\util\crt.h(268,24): warning C4244: 'argument': conversion from 'double' to 'int', possible loss of data
  (compiling source file 'dllmain.cpp')
  
C:\Users\John\Desktop\Fortnite Internal - Public\Fortnite Internal\engine\structs.h(34,46): warning C4244: 'argument': conversion from 'double' to 'float', possible loss of data
  (compiling source file 'dllmain.cpp')
  
C:\Users\John\Desktop\Fortnite Internal - Public\Fortnite Internal\engine\structs.h(34,74): warning C4244: 'argument': conversion from 'double' to 'float', possible loss of data
  (compiling source file 'dllmain.cpp')
  
C:\Users\John\Desktop\Fortnite Internal - Public\Fortnite Internal\engine\structs.h(34,102): warning C4244: 'argument': conversion from 'double' to 'float', possible loss of data
  (compiling source file 'dllmain.cpp')
  
C:\Users\John\Desktop\Fortnite Internal - Public\Fortnite Internal\engine\structs.h(88,17): warning C4267: '=': conversion from 'size_t' to 'int32_t', possible loss of data
  (compiling source file 'dllmain.cpp')
  
C:\Users\John\Desktop\Fortnite Internal - Public\Fortnite Internal\engine\functions.h(72,12): warning C4244: 'initializing': conversion from 'double' to 'float', possible loss of data
  (compiling source file 'dllmain.cpp')
  
C:\Users\John\Desktop\Fortnite Internal - Public\Fortnite Internal\engine\functions.h(73,14): warning C4244: 'initializing': conversion from 'double' to 'float', possible loss of data
  (compiling source file 'dllmain.cpp')
  
C:\Users\John\Desktop\Fortnite Internal - Public\Fortnite Internal\engine\impl.h(100,14): warning C4244: 'initializing': conversion from 'double' to 'float', possible loss of data
  (compiling source file 'dllmain.cpp')
  
C:\Users\John\Desktop\Fortnite Internal - Public\Fortnite Internal\engine\impl.h(105,13): warning C4244: 'initializing': conversion from 'double' to 'float', possible loss of data
  (compiling source file 'dllmain.cpp')
  
C:\Users\John\Desktop\Fortnite Internal - Public\Fortnite Internal\engine\impl.h(106,13): warning C4244: 'initializing': conversion from 'double' to 'float', possible loss of data
  (compiling source file 'dllmain.cpp')
  
C:\Users\John\Desktop\Fortnite Internal - Public\Fortnite Internal\engine\impl.h(107,13): warning C4244: 'initializing': conversion from 'double' to 'float', possible loss of data
  (compiling source file 'dllmain.cpp')
  
C:\Users\John\Desktop\Fortnite Internal - Public\Fortnite Internal\engine\impl.h(108,13): warning C4244: 'initializing': conversion from 'double' to 'float', possible loss of data
  (compiling source file 'dllmain.cpp')
  
C:\Users\John\Desktop\Fortnite Internal - Public\Fortnite Internal\cheat\loop.h(123,24): warning C4244: 'initializing': conversion from 'double' to 'int', possible loss of data
  (compiling source file 'dllmain.cpp')
  
C:\Users\John\Desktop\Fortnite Internal - Public\Fortnite Internal\cheat\loop.h(202,23): warning C4244: 'initializing': conversion from 'double' to 'float', possible loss of data
  (compiling source file 'dllmain.cpp')
  
C:\Users\John\Desktop\Fortnite Internal - Public\Fortnite Internal\cheat\loop.h(240,42): warning C4244: 'argument': conversion from 'uintptr_t' to 'int', possible loss of data
  (compiling source file 'dllmain.cpp')
  
C:\Users\John\Desktop\Fortnite Internal - Public\Fortnite Internal\cheat\loop.h(352,24): warning C4244: '=': conversion from 'double' to 'float', possible loss of data
  (compiling source file 'dllmain.cpp')
  
C:\Users\John\Desktop\Fortnite Internal - Public\Fortnite Internal\cheat\loop.h(545,24): warning C4244: '=': conversion from 'double' to 'float', possible loss of data
  (compiling source file 'dllmain.cpp')
  
C:\Users\John\Desktop\Fortnite Internal - Public\Fortnite Internal\cheat\loop.h(545,60): warning C4244: '=': conversion from 'double' to 'float', possible loss of data
  (compiling source file 'dllmain.cpp')
  
C:\Users\John\Desktop\Fortnite Internal - Public\Fortnite Internal\cheat\loop.h(548,24): warning C4244: '=': conversion from 'double' to 'float', possible loss of data
  (compiling source file 'dllmain.cpp')
  
C:\Users\John\Desktop\Fortnite Internal - Public\Fortnite Internal\cheat\loop.h(548,60): warning C4244: '=': conversion from 'double' to 'float', possible loss of data
  (compiling source file 'dllmain.cpp')
  
C:\Users\John\Desktop\Fortnite Internal - Public\Fortnite Internal\cheat\loop.h(551,25): warning C4244: '=': conversion from 'double' to 'float', possible loss of data
  (compiling source file 'dllmain.cpp')
  
C:\Users\John\Desktop\Fortnite Internal - Public\Fortnite Internal\cheat\loop.h(551,62): warning C4244: '=': conversion from 'double' to 'float', possible loss of data
  (compiling source file 'dllmain.cpp')
  
C:\Users\John\Desktop\Fortnite Internal - Public\Fortnite Internal\cheat\loop.h(131,38): warning C4101: 'PelvisOut': unreferenced local variable
  (compiling source file 'dllmain.cpp')
  
C:\Users\John\Desktop\Fortnite Internal - Public\Fortnite Internal\render\framework.h(247,58): warning C4244: '=': conversion from 'double' to 'float', possible loss of data
  (compiling source file 'dllmain.cpp')
  
C:\Users\John\Desktop\Fortnite Internal - Public\Fortnite Internal\render\framework.h(254,37): warning C4244: 'argument': conversion from 'double' to 'float', possible loss of data
  (compiling source file 'dllmain.cpp')
  
C:\Users\John\Desktop\Fortnite Internal - Public\Fortnite Internal\render\framework.h(263,14): warning C4267: 'initializing': conversion from 'size_t' to 'int', possible loss of data
  (compiling source file 'dllmain.cpp')
  
C:\Users\John\Desktop\Fortnite Internal - Public\Fortnite Internal\render\framework.h(268,14): warning C4267: 'initializing': conversion from 'size_t' to 'int', possible loss of data
  (compiling source file 'dllmain.cpp')
  
C:\Users\John\Desktop\Fortnite Internal - Public\Fortnite Internal\render\framework.h(287,77): warning C4244: 'argument': conversion from 'int' to 'float', possible loss of data
  (compiling source file 'dllmain.cpp')
  
C:\Users\John\Desktop\Fortnite Internal - Public\Fortnite Internal\render\framework.h(306,104): warning C4244: 'argument': conversion from 'float' to 'int', possible loss of data
  (compiling source file 'dllmain.cpp')
  
C:\Users\John\Desktop\Fortnite Internal - Public\Fortnite Internal\render\framework.h(313,14): warning C4244: 'initializing': conversion from 'double' to 'float', possible loss of data
  (compiling source file 'dllmain.cpp')
  
C:\Users\John\Desktop\Fortnite Internal - Public\Fortnite Internal\render\framework.h(317,13): warning C4244: 'initializing': conversion from 'double' to 'float', possible loss of data
  (compiling source file 'dllmain.cpp')
  
C:\Users\John\Desktop\Fortnite Internal - Public\Fortnite Internal\render\framework.h(318,13): warning C4244: 'initializing': conversion from 'double' to 'float', possible loss of data
  (compiling source file 'dllmain.cpp')
  
C:\Users\John\Desktop\Fortnite Internal - Public\Fortnite Internal\render\framework.h(319,13): warning C4244: 'initializing': conversion from 'double' to 'float', possible loss of data
  (compiling source file 'dllmain.cpp')
  
C:\Users\John\Desktop\Fortnite Internal - Public\Fortnite Internal\render\framework.h(320,13): warning C4244: 'initializing': conversion from 'double' to 'float', possible loss of data
  (compiling source file 'dllmain.cpp')
  
C:\Users\John\Desktop\Fortnite Internal - Public\Fortnite Internal\render\framework.h(326,72): warning C4244: 'argument': conversion from 'float' to 'int', possible loss of data
  (compiling source file 'dllmain.cpp')
  
C:\Users\John\Desktop\Fortnite Internal - Public\Fortnite Internal\render\framework.h(389,59): warning C4244: 'argument': conversion from 'double' to 'float', possible loss of data
  (compiling source file 'dllmain.cpp')
  
C:\Users\John\Desktop\Fortnite Internal - Public\Fortnite Internal\render\framework.h(389,51): warning C4244: 'argument': conversion from 'double' to 'float', possible loss of data
  (compiling source file 'dllmain.cpp')
  
C:\Users\John\Desktop\Fortnite Internal - Public\Fortnite Internal\render\framework.h(392,51): warning C4244: 'argument': conversion from 'double' to 'float', possible loss of data
  (compiling source file 'dllmain.cpp')
  
C:\Users\John\Desktop\Fortnite Internal - Public\Fortnite Internal\render\framework.h(418,21): warning C4244: '=': conversion from 'double' to 'float', possible loss of data
  (compiling source file 'dllmain.cpp')
  
C:\Users\John\Desktop\Fortnite Internal - Public\Fortnite Internal\render\framework.h(422,21): warning C4244: '+=': conversion from 'double' to 'float', possible loss of data
  (compiling source file 'dllmain.cpp')
  
C:\Users\John\Desktop\Fortnite Internal - Public\Fortnite Internal\render\framework.h(453,21): warning C4244: '=': conversion from 'double' to 'float', possible loss of data
  (compiling source file 'dllmain.cpp')
  
C:\Users\John\Desktop\Fortnite Internal - Public\Fortnite Internal\render\framework.h(457,72): warning C4244: 'argument': conversion from 'double' to 'float', possible loss of data
  (compiling source file 'dllmain.cpp')
  
C:\Users\John\Desktop\Fortnite Internal - Public\Fortnite Internal\render\framework.h(457,60): warning C4244: 'argument': conversion from 'double' to 'float', possible loss of data
  (compiling source file 'dllmain.cpp')
  
C:\Users\John\Desktop\Fortnite Internal - Public\Fortnite Internal\render\framework.h(462,58): warning C4244: 'argument': conversion from 'double' to 'float', possible loss of data
  (compiling source file 'dllmain.cpp')
  
C:\Users\John\Desktop\Fortnite Internal - Public\Fortnite Internal\render\framework.h(462,50): warning C4244: 'argument': conversion from 'double' to 'float', possible loss of data
  (compiling source file 'dllmain.cpp')
  
C:\Users\John\Desktop\Fortnite Internal - Public\Fortnite Internal\render\framework.h(466,58): warning C4244: 'argument': conversion from 'double' to 'float', possible loss of data
  (compiling source file 'dllmain.cpp')
  
C:\Users\John\Desktop\Fortnite Internal - Public\Fortnite Internal\render\framework.h(466,50): warning C4244: 'argument': conversion from 'double' to 'float', possible loss of data
  (compiling source file 'dllmain.cpp')
  
C:\Users\John\Desktop\Fortnite Internal - Public\Fortnite Internal\render\framework.h(471,58): warning C4244: 'argument': conversion from 'double' to 'float', possible loss of data
  (compiling source file 'dllmain.cpp')
  
C:\Users\John\Desktop\Fortnite Internal - Public\Fortnite Internal\render\framework.h(471,50): warning C4244: 'argument': conversion from 'double' to 'float', possible loss of data
  (compiling source file 'dllmain.cpp')
  
C:\Users\John\Desktop\Fortnite Internal - Public\Fortnite Internal\render\framework.h(475,23): warning C4244: '+=': conversion from 'double' to 'float', possible loss of data
  (compiling source file 'dllmain.cpp')
  
C:\Users\John\Desktop\Fortnite Internal - Public\Fortnite Internal\render\framework.h(509,21): warning C4244: '=': conversion from 'double' to 'float', possible loss of data
  (compiling source file 'dllmain.cpp')
  
C:\Users\John\Desktop\Fortnite Internal - Public\Fortnite Internal\render\framework.h(516,58): warning C4244: 'argument': conversion from 'double' to 'float', possible loss of data
  (compiling source file 'dllmain.cpp')
  
C:\Users\John\Desktop\Fortnite Internal - Public\Fortnite Internal\render\framework.h(516,50): warning C4244: 'argument': conversion from 'double' to 'float', possible loss of data
  (compiling source file 'dllmain.cpp')
  
C:\Users\John\Desktop\Fortnite Internal - Public\Fortnite Internal\render\framework.h(521,58): warning C4244: 'argument': conversion from 'double' to 'float', possible loss of data
  (compiling source file 'dllmain.cpp')
  
C:\Users\John\Desktop\Fortnite Internal - Public\Fortnite Internal\render\framework.h(521,50): warning C4244: 'argument': conversion from 'double' to 'float', possible loss of data
  (compiling source file 'dllmain.cpp')
  
C:\Users\John\Desktop\Fortnite Internal - Public\Fortnite Internal\render\framework.h(525,23): warning C4244: '+=': conversion from 'double' to 'float', possible loss of data
  (compiling source file 'dllmain.cpp')
  
C:\Users\John\Desktop\Fortnite Internal - Public\Fortnite Internal\render\framework.h(561,21): warning C4244: '=': conversion from 'double' to 'float', possible loss of data
  (compiling source file 'dllmain.cpp')
  
C:\Users\John\Desktop\Fortnite Internal - Public\Fortnite Internal\render\framework.h(577,21): warning C4244: '+=': conversion from 'double' to 'float', possible loss of data
  (compiling source file 'dllmain.cpp')
  
C:\Users\John\Desktop\Fortnite Internal - Public\Fortnite Internal\render\framework.h(621,21): warning C4244: '=': conversion from 'double' to 'float', possible loss of data
  (compiling source file 'dllmain.cpp')
  
C:\Users\John\Desktop\Fortnite Internal - Public\Fortnite Internal\render\framework.h(626,23): warning C4244: '+=': conversion from 'double' to 'float', possible loss of data
  (compiling source file 'dllmain.cpp')
  
C:\Users\John\Desktop\Fortnite Internal - Public\Fortnite Internal\render\framework.h(637,70): warning C4244: '=': conversion from 'double' to 'float', possible loss of data
  (compiling source file 'dllmain.cpp')
  
C:\Users\John\Desktop\Fortnite Internal - Public\Fortnite Internal\render\framework.h(642,104): warning C4244: 'argument': conversion from 'double' to 'float', possible loss of data
  (compiling source file 'dllmain.cpp')
  
C:\Users\John\Desktop\Fortnite Internal - Public\Fortnite Internal\render\framework.h(642,89): warning C4244: 'argument': conversion from 'double' to 'float', possible loss of data
  (compiling source file 'dllmain.cpp')
  
C:\Users\John\Desktop\Fortnite Internal - Public\Fortnite Internal\render\framework.h(648,104): warning C4244: 'argument': conversion from 'double' to 'float', possible loss of data
  (compiling source file 'dllmain.cpp')
  
C:\Users\John\Desktop\Fortnite Internal - Public\Fortnite Internal\render\framework.h(648,89): warning C4244: 'argument': conversion from 'double' to 'float', possible loss of data
  (compiling source file 'dllmain.cpp')
  
C:\Users\John\Desktop\Fortnite Internal - Public\Fortnite Internal\render\framework.h(659,14): warning C4244: 'initializing': conversion from 'double' to 'float', possible loss of data
  (compiling source file 'dllmain.cpp')
  
C:\Users\John\Desktop\Fortnite Internal - Public\Fortnite Internal\render\framework.h(660,110): warning C4244: 'argument': conversion from 'double' to 'float', possible loss of data
  (compiling source file 'dllmain.cpp')
  
C:\Users\John\Desktop\Fortnite Internal - Public\Fortnite Internal\render\framework.h(688,21): warning C4244: '=': conversion from 'double' to 'float', possible loss of data
  (compiling source file 'dllmain.cpp')
  
C:\Users\John\Desktop\Fortnite Internal - Public\Fortnite Internal\render\framework.h(693,23): warning C4244: '+=': conversion from 'double' to 'float', possible loss of data
  (compiling source file 'dllmain.cpp')
  
C:\Users\John\Desktop\Fortnite Internal - Public\Fortnite Internal\render\framework.h(704,70): warning C4244: '=': conversion from 'double' to 'int', possible loss of data
  (compiling source file 'dllmain.cpp')
  
C:\Users\John\Desktop\Fortnite Internal - Public\Fortnite Internal\render\framework.h(709,104): warning C4244: 'argument': conversion from 'double' to 'float', possible loss of data
  (compiling source file 'dllmain.cpp')
  
C:\Users\John\Desktop\Fortnite Internal - Public\Fortnite Internal\render\framework.h(709,89): warning C4244: 'argument': conversion from 'double' to 'float', possible loss of data
  (compiling source file 'dllmain.cpp')
  
C:\Users\John\Desktop\Fortnite Internal - Public\Fortnite Internal\render\framework.h(715,104): warning C4244: 'argument': conversion from 'double' to 'float', possible loss of data
  (compiling source file 'dllmain.cpp')
  
C:\Users\John\Desktop\Fortnite Internal - Public\Fortnite Internal\render\framework.h(715,89): warning C4244: 'argument': conversion from 'double' to 'float', possible loss of data
  (compiling source file 'dllmain.cpp')
  
C:\Users\John\Desktop\Fortnite Internal - Public\Fortnite Internal\render\framework.h(726,14): warning C4244: 'initializing': conversion from 'double' to 'float', possible loss of data
  (compiling source file 'dllmain.cpp')
  
C:\Users\John\Desktop\Fortnite Internal - Public\Fortnite Internal\render\framework.h(727,111): warning C4244: 'argument': conversion from 'double' to 'float', possible loss of data
  (compiling source file 'dllmain.cpp')
  
C:\Users\John\Desktop\Fortnite Internal - Public\Fortnite Internal\render\framework.h(755,21): warning C4244: '=': conversion from 'double' to 'float', possible loss of data
  (compiling source file 'dllmain.cpp')
  
C:\Users\John\Desktop\Fortnite Internal - Public\Fortnite Internal\render\framework.h(760,23): warning C4244: '+=': conversion from 'double' to 'float', possible loss of data
  (compiling source file 'dllmain.cpp')
  
C:\Users\John\Desktop\Fortnite Internal - Public\Fortnite Internal\render\framework.h(771,70): warning C4244: '=': conversion from 'double' to 'int', possible loss of data
  (compiling source file 'dllmain.cpp')
  
C:\Users\John\Desktop\Fortnite Internal - Public\Fortnite Internal\render\framework.h(776,104): warning C4244: 'argument': conversion from 'double' to 'float', possible loss of data
  (compiling source file 'dllmain.cpp')
  
C:\Users\John\Desktop\Fortnite Internal - Public\Fortnite Internal\render\framework.h(776,89): warning C4244: 'argument': conversion from 'double' to 'float', possible loss of data
  (compiling source file 'dllmain.cpp')
  
C:\Users\John\Desktop\Fortnite Internal - Public\Fortnite Internal\render\framework.h(782,104): warning C4244: 'argument': conversion from 'double' to 'float', possible loss of data
  (compiling source file 'dllmain.cpp')
  
C:\Users\John\Desktop\Fortnite Internal - Public\Fortnite Internal\render\framework.h(782,89): warning C4244: 'argument': conversion from 'double' to 'float', possible loss of data
  (compiling source file 'dllmain.cpp')
  
C:\Users\John\Desktop\Fortnite Internal - Public\Fortnite Internal\render\framework.h(809,14): warning C4244: 'initializing': conversion from 'double' to 'float', possible loss of data
  (compiling source file 'dllmain.cpp')
  
C:\Users\John\Desktop\Fortnite Internal - Public\Fortnite Internal\render\framework.h(810,111): warning C4244: 'argument': conversion from 'double' to 'float', possible loss of data
  (compiling source file 'dllmain.cpp')
  
C:\Users\John\Desktop\Fortnite Internal - Public\Fortnite Internal\render\framework.h(838,21): warning C4244: '=': conversion from 'double' to 'float', possible loss of data
  (compiling source file 'dllmain.cpp')
  
C:\Users\John\Desktop\Fortnite Internal - Public\Fortnite Internal\render\framework.h(843,23): warning C4244: '+=': conversion from 'double' to 'float', possible loss of data
  (compiling source file 'dllmain.cpp')
  
C:\Users\John\Desktop\Fortnite Internal - Public\Fortnite Internal\render\framework.h(854,70): warning C4244: '=': conversion from 'double' to 'int', possible loss of data
  (compiling source file 'dllmain.cpp')
  
C:\Users\John\Desktop\Fortnite Internal - Public\Fortnite Internal\render\framework.h(859,104): warning C4244: 'argument': conversion from 'double' to 'float', possible loss of data
  (compiling source file 'dllmain.cpp')
  
C:\Users\John\Desktop\Fortnite Internal - Public\Fortnite Internal\render\framework.h(859,89): warning C4244: 'argument': conversion from 'double' to 'float', possible loss of data
  (compiling source file 'dllmain.cpp')
  
C:\Users\John\Desktop\Fortnite Internal - Public\Fortnite Internal\render\framework.h(865,104): warning C4244: 'argument': conversion from 'double' to 'float', possible loss of data
  (compiling source file 'dllmain.cpp')
  
C:\Users\John\Desktop\Fortnite Internal - Public\Fortnite Internal\render\framework.h(865,89): warning C4244: 'argument': conversion from 'double' to 'float', possible loss of data
  (compiling source file 'dllmain.cpp')
  
C:\Users\John\Desktop\Fortnite Internal - Public\Fortnite Internal\render\framework.h(889,14): warning C4244: 'initializing': conversion from 'double' to 'float', possible loss of data
  (compiling source file 'dllmain.cpp')
  
C:\Users\John\Desktop\Fortnite Internal - Public\Fortnite Internal\render\framework.h(890,111): warning C4244: 'argument': conversion from 'double' to 'float', possible loss of data
  (compiling source file 'dllmain.cpp')
  
C:\Users\John\Desktop\Fortnite Internal - Public\Fortnite Internal\render\framework.h(918,21): warning C4244: '=': conversion from 'double' to 'float', possible loss of data
  (compiling source file 'dllmain.cpp')
  
C:\Users\John\Desktop\Fortnite Internal - Public\Fortnite Internal\render\framework.h(923,23): warning C4244: '+=': conversion from 'double' to 'float', possible loss of data
  (compiling source file 'dllmain.cpp')
  
C:\Users\John\Desktop\Fortnite Internal - Public\Fortnite Internal\render\framework.h(934,70): warning C4244: '=': conversion from 'double' to 'int', possible loss of data
  (compiling source file 'dllmain.cpp')
  
C:\Users\John\Desktop\Fortnite Internal - Public\Fortnite Internal\render\framework.h(939,104): warning C4244: 'argument': conversion from 'double' to 'float', possible loss of data
  (compiling source file 'dllmain.cpp')
  
C:\Users\John\Desktop\Fortnite Internal - Public\Fortnite Internal\render\framework.h(939,89): warning C4244: 'argument': conversion from 'double' to 'float', possible loss of data
  (compiling source file 'dllmain.cpp')
  
C:\Users\John\Desktop\Fortnite Internal - Public\Fortnite Internal\render\framework.h(945,104): warning C4244: 'argument': conversion from 'double' to 'float', possible loss of data
  (compiling source file 'dllmain.cpp')
  
C:\Users\John\Desktop\Fortnite Internal - Public\Fortnite Internal\render\framework.h(945,89): warning C4244: 'argument': conversion from 'double' to 'float', possible loss of data
  (compiling source file 'dllmain.cpp')
  
C:\Users\John\Desktop\Fortnite Internal - Public\Fortnite Internal\render\framework.h(969,14): warning C4244: 'initializing': conversion from 'double' to 'float', possible loss of data
  (compiling source file 'dllmain.cpp')
  
C:\Users\John\Desktop\Fortnite Internal - Public\Fortnite Internal\render\framework.h(970,111): warning C4244: 'argument': conversion from 'double' to 'float', possible loss of data
  (compiling source file 'dllmain.cpp')
  
C:\Users\John\Desktop\Fortnite Internal - Public\Fortnite Internal\render\framework.h(997,21): warning C4244: '=': conversion from 'double' to 'float', possible loss of data
  (compiling source file 'dllmain.cpp')
  
C:\Users\John\Desktop\Fortnite Internal - Public\Fortnite Internal\render\framework.h(1001,71): warning C4244: 'argument': conversion from 'double' to 'float', possible loss of data
  (compiling source file 'dllmain.cpp')
  
C:\Users\John\Desktop\Fortnite Internal - Public\Fortnite Internal\render\framework.h(1001,59): warning C4244: 'argument': conversion from 'double' to 'float', possible loss of data
  (compiling source file 'dllmain.cpp')
  
C:\Users\John\Desktop\Fortnite Internal - Public\Fortnite Internal\render\framework.h(1005,58): warning C4244: 'argument': conversion from 'double' to 'float', possible loss of data
  (compiling source file 'dllmain.cpp')
  
C:\Users\John\Desktop\Fortnite Internal - Public\Fortnite Internal\render\framework.h(1005,50): warning C4244: 'argument': conversion from 'double' to 'float', possible loss of data
  (compiling source file 'dllmain.cpp')
  
C:\Users\John\Desktop\Fortnite Internal - Public\Fortnite Internal\render\framework.h(1011,58): warning C4244: 'argument': conversion from 'double' to 'float', possible loss of data
  (compiling source file 'dllmain.cpp')
  
C:\Users\John\Desktop\Fortnite Internal - Public\Fortnite Internal\render\framework.h(1011,50): warning C4244: 'argument': conversion from 'double' to 'float', possible loss of data
  (compiling source file 'dllmain.cpp')
  
C:\Users\John\Desktop\Fortnite Internal - Public\Fortnite Internal\render\framework.h(1015,23): warning C4244: '+=': conversion from 'double' to 'float', possible loss of data
  (compiling source file 'dllmain.cpp')
  
C:\Users\John\Desktop\Fortnite Internal - Public\Fortnite Internal\render\framework.h(1049,82): warning C4244: 'argument': conversion from 'double' to 'float', possible loss of data
  (compiling source file 'dllmain.cpp')
  
C:\Users\John\Desktop\Fortnite Internal - Public\Fortnite Internal\render\framework.h(1060,82): warning C4244: 'argument': conversion from 'double' to 'float', possible loss of data
  (compiling source file 'dllmain.cpp')
  
C:\Users\John\Desktop\Fortnite Internal - Public\Fortnite Internal\render\framework.h(1095,71): warning C4244: 'argument': conversion from 'double' to 'float', possible loss of data
  (compiling source file 'dllmain.cpp')
  
C:\Users\John\Desktop\Fortnite Internal - Public\Fortnite Internal\render\framework.h(1095,63): warning C4244: 'argument': conversion from 'double' to 'float', possible loss of data
  (compiling source file 'dllmain.cpp')
  
C:\Users\John\Desktop\Fortnite Internal - Public\Fortnite Internal\render\framework.h(1100,95): warning C4244: 'argument': conversion from 'float' to 'int', possible loss of data
  (compiling source file 'dllmain.cpp')
  
C:\Users\John\Desktop\Fortnite Internal - Public\Fortnite Internal\render\framework.h(1101,121): warning C4244: 'argument': conversion from 'float' to 'int', possible loss of data
  (compiling source file 'dllmain.cpp')
  
C:\Users\John\Desktop\Fortnite Internal - Public\Fortnite Internal\render\framework.h(1102,95): warning C4244: 'argument': conversion from 'float' to 'int', possible loss of data
  (compiling source file 'dllmain.cpp')
  
C:\Users\John\Desktop\Fortnite Internal - Public\Fortnite Internal\render\framework.h(1103,121): warning C4244: 'argument': conversion from 'float' to 'int', possible loss of data
  (compiling source file 'dllmain.cpp')
  
C:\Users\John\Desktop\Fortnite Internal - Public\Fortnite Internal\render\framework.h(1133,21): warning C4244: '=': conversion from 'double' to 'float', possible loss of data
  (compiling source file 'dllmain.cpp')
  
C:\Users\John\Desktop\Fortnite Internal - Public\Fortnite Internal\render\framework.h(1138,21): warning C4244: '+=': conversion from 'double' to 'float', possible loss of data
  (compiling source file 'dllmain.cpp')
  
C:\Users\John\Desktop\Fortnite Internal - Public\Fortnite Internal\render\framework.h(1379,125): warning C4244: 'argument': conversion from 'double' to 'float', possible loss of data
  (compiling source file 'dllmain.cpp')
  
C:\Users\John\Desktop\Fortnite Internal - Public\Fortnite Internal\render\framework.h(1379,91): warning C4244: 'argument': conversion from 'double' to 'float', possible loss of data
  (compiling source file 'dllmain.cpp')
  
  Generating code
  Previous IPDB was built with incompatible compiler, fall back to full compilation.
C:\Users\John\Desktop\Fortnite Internal - Public\Fortnite Internal\engine\functions.h(68): warning C4715: 'IsInScreen': not all control paths return a value
C:\Users\John\Desktop\Fortnite Internal - Public\Fortnite Internal\util\crt.h(333): warning C4172: returning address of local variable or temporary: ss
  All 593 functions were compiled because no usable IPDB/IOBJ from previous compilation was found.
  Finished generating code
  Fortnite Internal.vcxproj -> C:\Users\John\Desktop\Fortnite Internal - Public\x64\Release\Fortnite Internal.dll
